# JRE version: OpenJDK Runtime Environment (8.0_112-b06) (build 1.8.0_112-release-b06)
# Java VM: OpenJDK 64-Bit Server VM (25.112-b06 mixed mode windows-amd64 compressed oops)
Heap:
 PSYoungGen      total 122368K, used 27363K [0x00000000e0000000, 0x00000000e9580000, 0x0000000100000000)
  eden space 101888K, 6% used [0x00000000e0000000,0x00000000e06f2c00,0x00000000e6380000)
  from space 20480K, 98% used [0x00000000e6580000,0x00000000e7946030,0x00000000e7980000)
  to   space 25600K, 0% used [0x00000000e7c80000,0x00000000e7c80000,0x00000000e9580000)
 ParOldGen       total 167424K, used 48452K [0x00000000a0000000, 0x00000000aa380000, 0x00000000e0000000)
  object space 167424K, 28% used [0x00000000a0000000,0x00000000a2f51028,0x00000000aa380000)
 Metaspace       used 68815K, capacity 72404K, committed 72704K, reserved 1112064K
  class space    used 8591K, capacity 9115K, committed 9216K, reserved 1048576K
GC Heap History (10 events):
Event: 3967.915 GC heap before
{Heap before GC invocations=30 (full 3):
 PSYoungGen      total 135168K, used 130501K [0x00000000e0000000, 0x00000000e9e80000, 0x0000000100000000)
  eden space 113152K, 100% used [0x00000000e0000000,0x00000000e6e80000,0x00000000e6e80000)
  from space 22016K, 78% used [0x00000000e8900000,0x00000000e99f17e8,0x00000000e9e80000)
  to   space 24576K, 0% used [0x00000000e6e80000,0x00000000e6e80000,0x00000000e8680000)
 ParOldGen       total 167424K, used 43410K [0x00000000a0000000, 0x00000000aa380000, 0x00000000e0000000)
  object space 167424K, 25% used [0x00000000a0000000,0x00000000a2a649f8,0x00000000aa380000)
 Metaspace       used 68422K, capacity 71846K, committed 72064K, reserved 1112064K
  class space    used 8569K, capacity 9068K, committed 9088K, reserved 1048576K
Event: 3967.921 GC heap after
Heap after GC invocations=30 (full 3):
 PSYoungGen      total 119808K, used 8878K [0x00000000e0000000, 0x00000000e9c00000, 0x0000000100000000)
  eden space 110592K, 0% used [0x00000000e0000000,0x00000000e0000000,0x00000000e6c00000)
  from space 9216K, 96% used [0x00000000e6e80000,0x00000000e772b9a8,0x00000000e7780000)
  to   space 24576K, 0% used [0x00000000e8400000,0x00000000e8400000,0x00000000e9c00000)
 ParOldGen       total 167424K, used 44997K [0x00000000a0000000, 0x00000000aa380000, 0x00000000e0000000)
  object space 167424K, 26% used [0x00000000a0000000,0x00000000a2bf1480,0x00000000aa380000)
 Metaspace       used 68422K, capacity 71846K, committed 72064K, reserved 1112064K
  class space    used 8569K, capacity 9068K, committed 9088K, reserved 1048576K
}
Event: 3968.881 GC heap before
{Heap before GC invocations=31 (full 3):
 PSYoungGen      total 119808K, used 119470K [0x00000000e0000000, 0x00000000e9c00000, 0x0000000100000000)
  eden space 110592K, 100% used [0x00000000e0000000,0x00000000e6c00000,0x00000000e6c00000)
  from space 9216K, 96% used [0x00000000e6e80000,0x00000000e772b9a8,0x00000000e7780000)
  to   space 24576K, 0% used [0x00000000e8400000,0x00000000e8400000,0x00000000e9c00000)
 ParOldGen       total 167424K, used 44997K [0x00000000a0000000, 0x00000000aa380000, 0x00000000e0000000)
  object space 167424K, 26% used [0x00000000a0000000,0x00000000a2bf1480,0x00000000aa380000)
 Metaspace       used 68564K, capacity 71982K, committed 72064K, reserved 1112064K
  class space    used 8570K, capacity 9068K, committed 9088K, reserved 1048576K
Event: 3968.889 GC heap after
Heap after GC invocations=31 (full 3):
 PSYoungGen      total 128000K, used 13354K [0x00000000e0000000, 0x00000000e9780000, 0x0000000100000000)
  eden space 108032K, 0% used [0x00000000e0000000,0x00000000e0000000,0x00000000e6980000)
  from space 19968K, 66% used [0x00000000e8400000,0x00000000e910a8c0,0x00000000e9780000)
  to   space 23552K, 0% used [0x00000000e6980000,0x00000000e6980000,0x00000000e8080000)
 ParOldGen       total 167424K, used 47663K [0x00000000a0000000, 0x00000000aa380000, 0x00000000e0000000)
  object space 167424K, 28% used [0x00000000a0000000,0x00000000a2e8bfd8,0x00000000aa380000)
 Metaspace       used 68564K, capacity 71982K, committed 72064K, reserved 1112064K
  class space    used 8570K, capacity 9068K, committed 9088K, reserved 1048576K
}
Event: 4085.271 GC heap before
{Heap before GC invocations=32 (full 3):
 PSYoungGen      total 128000K, used 121386K [0x00000000e0000000, 0x00000000e9780000, 0x0000000100000000)
  eden space 108032K, 100% used [0x00000000e0000000,0x00000000e6980000,0x00000000e6980000)
  from space 19968K, 66% used [0x00000000e8400000,0x00000000e910a8c0,0x00000000e9780000)
  to   space 23552K, 0% used [0x00000000e6980000,0x00000000e6980000,0x00000000e8080000)
 ParOldGen       total 167424K, used 47663K [0x00000000a0000000, 0x00000000aa380000, 0x00000000e0000000)
  object space 167424K, 28% used [0x00000000a0000000,0x00000000a2e8bfd8,0x00000000aa380000)
 Metaspace       used 68624K, capacity 72076K, committed 72320K, reserved 1112064K
  class space    used 8578K, capacity 9077K, committed 9088K, reserved 1048576K
Event: 4085.275 GC heap after
Heap after GC invocations=32 (full 3):
 PSYoungGen      total 112128K, used 5701K [0x00000000e0000000, 0x00000000e9680000, 0x0000000100000000)
  eden space 105984K, 0% used [0x00000000e0000000,0x00000000e0000000,0x00000000e6780000)
  from space 6144K, 92% used [0x00000000e6980000,0x00000000e6f11468,0x00000000e6f80000)
  to   space 24064K, 0% used [0x00000000e7f00000,0x00000000e7f00000,0x00000000e9680000)
 ParOldGen       total 167424K, used 48071K [0x00000000a0000000, 0x00000000aa380000, 0x00000000e0000000)
  object space 167424K, 28% used [0x00000000a0000000,0x00000000a2ef1ff8,0x00000000aa380000)
 Metaspace       used 68624K, capacity 72076K, committed 72320K, reserved 1112064K
  class space    used 8578K, capacity 9077K, committed 9088K, reserved 1048576K
}
Event: 4086.198 GC heap before
{Heap before GC invocations=33 (full 3):
 PSYoungGen      total 112128K, used 110095K [0x00000000e0000000, 0x00000000e9680000, 0x0000000100000000)
  eden space 105984K, 98% used [0x00000000e0000000,0x00000000e65f2ad8,0x00000000e6780000)
  from space 6144K, 92% used [0x00000000e6980000,0x00000000e6f11468,0x00000000e6f80000)
  to   space 24064K, 0% used [0x00000000e7f00000,0x00000000e7f00000,0x00000000e9680000)
 ParOldGen       total 167424K, used 48071K [0x00000000a0000000, 0x00000000aa380000, 0x00000000e0000000)
  object space 167424K, 28% used [0x00000000a0000000,0x00000000a2ef1ff8,0x00000000aa380000)
 Metaspace       used 68739K, capacity 72336K, committed 72576K, reserved 1112064K
  class space    used 8578K, capacity 9077K, committed 9088K, reserved 1048576K
Event: 4086.203 GC heap after
Heap after GC invocations=33 (full 3):
 PSYoungGen      total 125952K, used 9013K [0x00000000e0000000, 0x00000000e9480000, 0x0000000100000000)
  eden space 103936K, 0% used [0x00000000e0000000,0x00000000e0000000,0x00000000e6580000)
  from space 22016K, 40% used [0x00000000e7f00000,0x00000000e87cd500,0x00000000e9480000)
  to   space 24064K, 0% used [0x00000000e6580000,0x00000000e6580000,0x00000000e7d00000)
 ParOldGen       total 167424K, used 48372K [0x00000000a0000000, 0x00000000aa380000, 0x00000000e0000000)
  object space 167424K, 28% used [0x00000000a0000000,0x00000000a2f3d028,0x00000000aa380000)
 Metaspace       used 68739K, capacity 72336K, committed 72576K, reserved 1112064K
  class space    used 8578K, capacity 9077K, committed 9088K, reserved 1048576K
}
Event: 4086.420 GC heap before
{Heap before GC invocations=34 (full 3):
 PSYoungGen      total 125952K, used 110621K [0x00000000e0000000, 0x00000000e9480000, 0x0000000100000000)
  eden space 103936K, 97% used [0x00000000e0000000,0x00000000e6339f28,0x00000000e6580000)
  from space 22016K, 40% used [0x00000000e7f00000,0x00000000e87cd500,0x00000000e9480000)
  to   space 24064K, 0% used [0x00000000e6580000,0x00000000e6580000,0x00000000e7d00000)
 ParOldGen       total 167424K, used 48372K [0x00000000a0000000, 0x00000000aa380000, 0x00000000e0000000)
  object space 167424K, 28% used [0x00000000a0000000,0x00000000a2f3d028,0x00000000aa380000)
 Metaspace       used 68752K, capacity 72342K, committed 72576K, reserved 1112064K
  class space    used 8579K, capacity 9078K, committed 9088K, reserved 1048576K
Event: 4086.425 GC heap after
Heap after GC invocations=34 (full 3):
 PSYoungGen      total 122368K, used 20248K [0x00000000e0000000, 0x00000000e9580000, 0x0000000100000000)
  eden space 101888K, 0% used [0x00000000e0000000,0x00000000e0000000,0x00000000e6380000)
  from space 20480K, 98% used [0x00000000e6580000,0x00000000e7946030,0x00000000e7980000)
  to   space 25600K, 0% used [0x00000000e7c80000,0x00000000e7c80000,0x00000000e9580000)
 ParOldGen       total 167424K, used 48452K [0x00000000a0000000, 0x00000000aa380000, 0x00000000e0000000)
  object space 167424K, 28% used [0x00000000a0000000,0x00000000a2f51028,0x00000000aa380000)
 Metaspace       used 68752K, capacity 72342K, committed 72576K, reserved 1112064K
  class space    used 8579K, capacity 9078K, committed 9088K, reserved 1048576K
}

